[2019-08-20 09:19:51][7ZDmSTT5RFXBeBM2yqixpD1cp0ejmUGO] Processing: App\Jobs\SendMailJob
[2019-08-20 09:19:53][7ZDmSTT5RFXBeBM2yqixpD1cp0ejmUGO] Processed:  App\Jobs\SendMailJob
[2019-08-20 09:20:02][v9R3ZjsJBAgIyU6tJY5yuuqiSYEtlH3E] Processing: App\Jobs\SendMailJob
[2019-08-20 09:20:05][v9R3ZjsJBAgIyU6tJY5yuuqiSYEtlH3E] Processed:  App\Jobs\SendMailJob
[2019-08-20 09:21:02][UcJv0VyM95n3EwLeRcy2P4kBDsNeDRcW] Processing: App\Jobs\SendMailJob
[2019-08-20 09:21:04][UcJv0VyM95n3EwLeRcy2P4kBDsNeDRcW] Processed:  App\Jobs\SendMailJob
[2019-08-20 09:22:04][s7S3gSqAQnghZhKplTUSnhvmxf37jGIa] Processing: App\Jobs\SendMailJob
[2019-08-20 09:22:07][s7S3gSqAQnghZhKplTUSnhvmxf37jGIa] Processed:  App\Jobs\SendMailJob
[2019-08-20 09:23:04][HDdsa6VrE0sKDflmG7YLs42GcsU30wA2] Processing: App\Jobs\SendMailJob
[2019-08-20 09:23:06][HDdsa6VrE0sKDflmG7YLs42GcsU30wA2] Processed:  App\Jobs\SendMailJob
[2019-08-20 09:24:03][KJXVd4t4gIxkTzqY4wd4iXujiUf3I8RU] Processing: App\Jobs\SendMailJob
[2019-08-20 09:24:05][KJXVd4t4gIxkTzqY4wd4iXujiUf3I8RU] Processed:  App\Jobs\SendMailJob
[2019-08-20 09:25:02][1zNhDwEDq1Ki6BqgFLyeGAQD141DWZrw] Processing: App\Jobs\SendMailJob
[2019-08-20 09:25:05][1zNhDwEDq1Ki6BqgFLyeGAQD141DWZrw] Processed:  App\Jobs\SendMailJob
[2019-08-20 09:26:02][YJwFOFjv7PrZ9icuR2OAZNUakLa1mwkn] Processing: App\Jobs\SendMailJob
[2019-08-20 09:26:05][YJwFOFjv7PrZ9icuR2OAZNUakLa1mwkn] Processed:  App\Jobs\SendMailJob
[2019-08-20 09:27:02][ew9snEARlNHsnlb8wtDmrOiMKn6ZjFeK] Processing: App\Jobs\SendMailJob
[2019-08-20 09:27:04][ew9snEARlNHsnlb8wtDmrOiMKn6ZjFeK] Processed:  App\Jobs\SendMailJob
[2019-08-20 09:38:17][6ve4p0DoRG38vIkrv64PoXfmW2rQPTVn] Processing: App\Jobs\SendMailJob
[2019-08-20 09:38:19][6ve4p0DoRG38vIkrv64PoXfmW2rQPTVn] Processed:  App\Jobs\SendMailJob
[2019-08-20 09:39:31][7OSRxGmawDGuJ2WWm8OE1OVMDzjdBkvO] Processing: App\Jobs\SendMailJob
[2019-08-20 09:39:35][7OSRxGmawDGuJ2WWm8OE1OVMDzjdBkvO] Processed:  App\Jobs\SendMailJob
